{
  "RSpec": {
    "coverage": {
      "/Users/maheshkumar/Documents/kakulMath/lib/Calculate.rb": [
        1,
        1,
        1,
        1,
        1,
        1,
        1,
        1,
        1,
        1,
        1,
        1,
        1,
        1,
        1,
        1
      ],
      "/Users/maheshkumar/Documents/kakulMath/lib/calculate/calculator.rb": [
        null,
        1,
        1,
        1,
        34,
        null,
        null,
        1,
        5,
        null,
        null,
        1,
        3,
        null,
        null,
        1,
        5,
        null,
        null,
        1,
        3,
        null,
        null,
        1,
        3,
        null,
        null,
        1,
        3,
        null,
        null,
        1,
        3,
        null,
        null,
        1,
        3,
        null,
        null,
        1,
        3,
        null,
        null,
        1,
        3,
        null,
        null,
        1,
        2,
        null,
        null,
        null
      ],
      "/Users/maheshkumar/Documents/kakulMath/lib/calculate/application.rb": [
        null,
        1,
        null,
        1,
        1,
        1,
        null,
        null,
        1,
        0,
        0,
        0,
        0,
        0,
        0,
        0,
        0,
        null,
        null,
        null,
        1,
        1,
        1,
        1,
        null,
        null,
        null
      ],
      "/Users/maheshkumar/Documents/kakulMath/lib/calculate/parse.rb": [
        null,
        1,
        null,
        1,
        13,
        null,
        null,
        1,
        null,
        12,
        12,
        null,
        12,
        1,
        null,
        null,
        1,
        null,
        null,
        1,
        null,
        null,
        1,
        null,
        null,
        1,
        null,
        null,
        1,
        null,
        null,
        1,
        null,
        null,
        1,
        null,
        null,
        1,
        null,
        null,
        1,
        null,
        null,
        1,
        null,
        1,
        null,
        null,
        12,
        null,
        null,
        null
      ],
      "/Users/maheshkumar/Documents/kakulMath/lib/calculate/add_command.rb": [
        1,
        1,
        1,
        4,
        null,
        null,
        1,
        2,
        2,
        null,
        1,
        4,
        null,
        null,
        null
      ],
      "/Users/maheshkumar/Documents/kakulMath/lib/calculate/sub_command.rb": [
        1,
        null,
        1,
        3,
        null,
        null,
        1,
        1,
        1,
        null,
        1,
        2,
        null,
        null
      ],
      "/Users/maheshkumar/Documents/kakulMath/lib/calculate/mul_command.rb": [
        1,
        1,
        1,
        4,
        null,
        null,
        1,
        2,
        2,
        null,
        null,
        1,
        4,
        null,
        null,
        null
      ],
      "/Users/maheshkumar/Documents/kakulMath/lib/calculate/div_command.rb": [
        1,
        null,
        1,
        3,
        null,
        null,
        1,
        1,
        1,
        null,
        1,
        2,
        null,
        null
      ],
      "/Users/maheshkumar/Documents/kakulMath/lib/calculate/absolute_command.rb": [
        1,
        null,
        1,
        1,
        1,
        null,
        1,
        2,
        null,
        null
      ],
      "/Users/maheshkumar/Documents/kakulMath/lib/calculate/square_command.rb": [
        1,
        null,
        1,
        1,
        1,
        null,
        1,
        2,
        null,
        null
      ],
      "/Users/maheshkumar/Documents/kakulMath/lib/calculate/square_root_command.rb": [
        1,
        1,
        1,
        1,
        null,
        1,
        2,
        null,
        null
      ],
      "/Users/maheshkumar/Documents/kakulMath/lib/calculate/cube_command.rb": [
        1,
        null,
        1,
        1,
        1,
        null,
        1,
        2,
        null,
        null
      ],
      "/Users/maheshkumar/Documents/kakulMath/lib/calculate/cube_root_command.rb": [
        1,
        null,
        1,
        1,
        1,
        null,
        1,
        2,
        null,
        null
      ],
      "/Users/maheshkumar/Documents/kakulMath/lib/calculate/negate_command.rb": [
        1,
        null,
        1,
        1,
        1,
        null,
        1,
        2,
        null,
        null
      ],
      "/Users/maheshkumar/Documents/kakulMath/lib/calculate/repeat_command.rb": [
        1,
        null,
        1,
        2,
        null,
        null,
        1,
        1,
        null,
        null,
        null
      ],
      "/Users/maheshkumar/Documents/kakulMath/lib/calculate/cancel_command.rb": [
        1,
        null,
        1,
        1,
        null,
        null,
        null
      ],
      "/Users/maheshkumar/Documents/kakulMath/lib/calculate/history.rb": [
        1,
        1,
        1,
        23,
        null,
        null,
        1,
        12,
        null,
        null,
        1,
        1,
        1,
        1,
        2,
        2,
        null,
        1,
        null,
        null
      ],
      "/Users/maheshkumar/Documents/kakulMath/spec/Calculate/add_command_spec.rb": [
        1,
        null,
        1,
        3,
        2,
        3,
        1,
        1,
        null,
        1,
        1,
        1,
        null,
        null,
        null
      ],
      "/Users/maheshkumar/Documents/kakulMath/spec/Calculate/application_spec.rb": [
        1,
        null,
        1,
        null,
        1,
        1,
        2,
        2,
        1,
        1,
        1,
        null,
        null,
        null
      ],
      "/Users/maheshkumar/Documents/kakulMath/spec/Calculate/calculator_spec.rb": [
        1,
        null,
        1,
        5,
        6,
        2,
        2,
        null,
        1,
        1,
        null,
        null,
        1,
        1,
        null,
        null,
        1,
        1,
        null,
        null,
        1,
        1,
        null,
        null,
        1,
        1,
        null,
        null,
        1,
        1,
        null,
        null,
        1,
        1,
        null,
        null,
        1,
        1,
        null,
        null,
        1,
        1,
        null,
        null,
        1,
        1,
        null,
        null,
        1,
        1,
        null,
        null,
        null,
        null,
        null
      ],
      "/Users/maheshkumar/Documents/kakulMath/spec/Calculate/cancel_command_spec.rb": [
        1,
        null,
        1,
        2,
        2,
        null,
        1,
        1,
        null,
        null,
        null
      ],
      "/Users/maheshkumar/Documents/kakulMath/spec/Calculate/cube_command_spec.rb": [
        1,
        null,
        1,
        3,
        2,
        3,
        null,
        1,
        1,
        null,
        1,
        1,
        1,
        null,
        null,
        null,
        null
      ],
      "/Users/maheshkumar/Documents/kakulMath/spec/Calculate/cube_root_command_spec.rb": [
        1,
        null,
        1,
        3,
        2,
        3,
        1,
        1,
        null,
        1,
        1,
        1,
        null,
        null,
        null
      ],
      "/Users/maheshkumar/Documents/kakulMath/spec/Calculate/div_command_spec.rb": [
        1,
        null,
        1,
        3,
        2,
        3,
        1,
        1,
        null,
        1,
        1,
        1,
        null,
        null,
        null
      ],
      "/Users/maheshkumar/Documents/kakulMath/spec/Calculate/mul_command_spec.rb": [
        1,
        null,
        1,
        3,
        2,
        3,
        1,
        1,
        null,
        1,
        1,
        1,
        null,
        null,
        null
      ],
      "/Users/maheshkumar/Documents/kakulMath/spec/Calculate/negate_command_spec.rb": [
        1,
        null,
        1,
        3,
        2,
        3,
        1,
        1,
        null,
        1,
        1,
        1,
        null,
        null,
        null
      ],
      "/Users/maheshkumar/Documents/kakulMath/spec/Calculate/parse_spec.rb": [
        1,
        null,
        1,
        13,
        1,
        1,
        null,
        null,
        1,
        1,
        null,
        null,
        1,
        1,
        null,
        null,
        1,
        1,
        null,
        null,
        1,
        1,
        null,
        null,
        1,
        1,
        null,
        null,
        1,
        1,
        null,
        null,
        1,
        1,
        null,
        null,
        1,
        1,
        null,
        null,
        1,
        1,
        null,
        null,
        1,
        1,
        null,
        null,
        1,
        1,
        null,
        null,
        null,
        null,
        null
      ],
      "/Users/maheshkumar/Documents/kakulMath/spec/Calculate/repeat_command_spec.rb": [
        1,
        null,
        1,
        1,
        2,
        2,
        2,
        1,
        1,
        1,
        1,
        1,
        null,
        null,
        null,
        null
      ],
      "/Users/maheshkumar/Documents/kakulMath/spec/Calculate/square_command_spec.rb": [
        1,
        null,
        1,
        3,
        2,
        3,
        1,
        1,
        null,
        1,
        1,
        1,
        null,
        null,
        null
      ],
      "/Users/maheshkumar/Documents/kakulMath/spec/Calculate/square_root_command_spec.rb": [
        1,
        null,
        1,
        3,
        2,
        3,
        1,
        1,
        null,
        1,
        1,
        1,
        null,
        null,
        null
      ],
      "/Users/maheshkumar/Documents/kakulMath/spec/Calculate/sub_command_spec.rb": [
        1,
        null,
        1,
        3,
        2,
        3,
        1,
        1,
        null,
        1,
        1,
        1,
        null,
        null,
        null
      ]
    },
    "timestamp": 1423215519
  }
}
